[   0.00000] Linux version 4.15.0-72-generic (buildd@lcy01-amd64-026) (gcc version 7.4.0 (Ubuntu 7.4.0-1ubuntu1~18.04)) #81buntu SMP Tue Nov 26 12:20:02 UTC 2019 (Ubuntu 4.15.0-72.81-generic 4.15.18)
[    0.000000] Command line: BOOT_IMAGE=/boot/vmlinuz-4.15.0-72-generic root=UUID=0d25fb07-437b-41a3-b651-1aeab249cb60 ro console=tty1 onole=tty
[    0.000000] KNEL sported us:
[  0.00000   InteGenuineIntel
[    0.0000]   AMAuthentiMD
[    0.000000]   Centaur CentaurHauls
[    0.000000] x86/fpu: Supporting XSAVE feature 0x001: 'x87 floating int registers'
[    0.000000] x86/fpu: Supporting XSAVE feature 0x002: 'SSE registers'
[    0.000000] x86/fpu: Supporting XSAVE feature 0x004 'AVX registers'
[    0.000000] x86/fpu: xstate_offset[2]:  576, xstate_sizes[2]:  256
[    0.000000] x86/fpu: Enabled xstate features 0x7, context sizeis 83bytes, using 'standard' format.
[    0.000000] e820: BIOS-provided physical RAM map:
[    0.000000] BIOS-e820: [mem 0x0000000000000000-0x000000000009fbff] usable
[    0.000000] BIOS-e820:[mem 0x0000000009fc0-x000000000009ffff] reserved
[    0.000000] BIOS-e820: [mem 0x000000000f0000-0x000000000fff] reserved
[    0.000000] BIOS-e820: [mem 0x0000000000100000-0x000000003ffeffff] usable
[    0.000000] BIOS-e820: [mem 0x000000003fff0000-0x000000003fffffff] ACPI data[   .00000 BIOe820: [mem 0x00000000fec00000-0x00000000fec00fff] reserved
[    0.000000] BIOS-e820: [mem 0x00000000fee00000-0x00000000fee00fff] reserved
[    0.000000] BIOS-e820: [mem 0x00000000ff0000-0000000fffffff] rerved[    0.0000] NX xecute Disable) protection: active
[    0.000000] SMBIOS 2.5 pesent.
[    0.000000] DMI: innotek GmbH VirtualBox/VirtualBox, BIOS VirtualBox 12/01/2006
[    0.000000] Hypervisor detecte: KVM
[    0.000000] e820: last_pfn = 0x3fff0 max_arch_pfn 0x400000000
[    0.000000] MTRR: Disabled
[    0.000000] x86AT: MRs disabled, skipping P initializion too.
[  0.00000 CPU MTR all bnk - viualized stem.
[  0.0000] x86/PAT: Configuratn [0-7]: WB  W UC- UC  WB  WT  UC- UC  
[    0.000000] found SMP MP-table atmem 0x09fff0-0x0009ffff]
[    0.000000] Scanning 1 areas for low memory corruption
[    0.000000] RAMDISK: [mem 0x35967000-x36caafff]
[    0.000000] ACPI: Early table checksum verification disabled
[    0.000000] ACPI: RSDP 0x00000000000E0000 000024 (v02 VBOX  )
[    0.00000 ACPI: XSDT 0x000000003FFF0030 00003C (v01 VBOX   VBOXXSDT 00000001 ASL  00000061)
[    0.000000] ACPI: FACP 0x0000003FFF0F 0000 (v04 VBOX   VBOACP 000001 ASL  000061)
[    0.0000] ACPI: DSDT 0x0000000FFF0700021FF 02 VBOX   VBOXBIOS 00000002 INTL 20100528)
[    0.000000] ACPI: FACS 0x000000003FFF0200 000040
[    0.000000] ACPI: FACS 0x000000003FFF0200 000040
[    0.000000] ACPI: APIC 0x000000003FFF0240 00005C (v02 VBOX   VBOXAPIC 00000001 ASL  00000061)
[    0.000000] ACPI: ST 0x000000FF02A0 0001CC (v01 VBOX   VBOXCPUT 000002 INTL 20100528)
[    0.000000] No NUMA configuration found
[    0.000000] Faking a node at [mem 0x0000000000000000-0x000000003ffeffff]
[    0.000000] NODE_DATA(0) allocated [mem 0x3ffc5000-0x3ffeffff]
[    0.000000kvm-clock: cpu 0, msr 0:3ff44001, primary cpuclo
[    0.000000] kvm-clock: Using msrs 4b564d01 and 4b564d00
[    0.000000] kvm-clock: using sched offset of 7874354940 cycles
[    0.000000] clocksource: kvm-clock: mask: 0xffffffffffffffff max_cyle: 0cd42e4dffb, max_idle_ns: 159059148ns
[    000000] Zone ranges:
[    0.000000]   DMA      [mem 0x0000000000001000-0x00000000ffff]
[  0.000000]   DMA32    [mem 0x0000000001000000-0x000000003ffeffff]
[    0.000000]   Normal   empty
[    0.000000]   Device   empty
[    0.000000] Movable zone start for each node
[    0.000000] Early memory node ranges
[    0.000000]   node   0: [mem 0x00000000001000-0x000000000009efff]
[    0.000000]   node   0: [mem 0x0000000000100000-0x000000003ffeffff]
[    0.000000] Reserved but unavailable: 98 pages
[    0.000000] Initmem setup node 0 [mem 0x00000000001000-0x000000003ffeffff]
[    0.000000] ACPI: PM-Tir IO Port 0400
[    0.0000] IOIC[0]: apic_id 2, version 32, addres xfec00000, GSI 0-23
[  0.00000 ACPI: INT_SRC_OVR (bus 0 bus_irq 0 global_irq 2 dfl dfl)
[    0.000000] ACPI: INT_SRC_OVR (bus 0 bus_irq 9 global_irq 9 low level)
[    0.000000] Using ACPI (MADT) for SMP configuration information
[    0.000000] smpboot: Allowing 2 CPUs, 0 hotplug CPUs
[    0.000000] PM: Registered nosave memory: [mem 0x00000000-0x00000fff]
[    0.000000] PM: Registered nosave memory: [mem 0x0009f000-0x0009ffff]
[    0.000000] PM: Registered nosave memory: [mem 0x000a0000-0x000effff]
[    0.000000] PM: Registered nosave memory: [mem 0x000f0000-000fffff]
   0.0000] e820: [mem 40000000xfebffff availab for PCdevices
[    0.000000] Boong paravirtualized kerl on KVM
[    0.000000] clocource:refined-jiffies: mask: 0xffffffff x_cycles: 0xfffffff, max_idle_ns: 7645519600211568 ns
[   0.0000] random: get_rand_bytes cled from start_kernel+0x99/0x4fd with crng_init=0
[    0.000000] setup_percpu: NR_CPUS:8192 nr_cpumask_bits:2 nr_cpu_ids:2 nr_node_ids:1
[    0.000000] percpu: Embedded 45 pages/cpu s147456 r8192 d28672 u1048576
[    0.000000] PV qspinlock hash table entries: 256 (order: 0, 4096 bytes)
[    0.000000] Built 1 zonelists, mobility grouping on.  Total pages: 257913
[    0.000000] Policy zone: DMA32
[    0.000000] Kernel command line: BOOT_IMAGE=/boot/vmlinu-4.15.0-72-generic root=UUID=0d25fb07-437b-41a3-b651-1aeab249cb60 ro console=tty1 consolttyS
    000000] mory: 9868K/10120K ailable12300kernl ode, 24K rwdata, 4264K rodata, 2428K init, 2388K bss, 652K reserved, 0K cma-reserved)
[    0.000000] SLUB: HWalign=64, Order=0-3, MinObjects=0, CPUs=2, Node=1
[  0.000000] Kernel/User page tabs isolationenable
[    0.000000] ftrace: allocating 39318 entries in 154 pages
[    0.004000] Hierarchical RCU implementation.
[    004000] 	RCU restricting CPUs from NR_CPUS=8192 to nr_cpu_ids=2.
[    0.004000] 	Tasks RCU enabled.
[    0.004000] RCU: Adjusting geometry for rcu_fanout_leaf=16, nr_cpu_ids=2
[    0.004000] NR_IRQS: 524544, n_irqs: 440, preallocated irqs: 16
[    0.004000] Console: colour VGA+ 80x25
[    0.004000] console tt1] enabled
[    0.004000] console [ttyS0] enabled
[    0.004000] ACPI: Core revision 20170831
[    0.004000] ACPI: 2 ACPI AML tables successfully auired and loaded
[    0.004000] APIC: Switch to symmetric I/O mode setup
[    0.004000] x2apic enabled
[    0.004000] Switched APIC routing to physical x2apic.
[    004000] ..TIMER: vector=0x30 apic1=0 pin1=2 apic2=-1 pin2=-1
[    0.004006] tsc: Detected 3096.000 MHz processor
[    0.004999] Calibrating delay loop (skipped) preset value.. 6192.00 BogoMIPS (lpj=12384000)
[    0.008007] pid_max: default: 32768 minimum: 301
[    0.009547] Security Framework initialized
[    0.010622] Yama: becoming mindful.
[    0.012030] AppArmor: AppArmor initialized
[    0.013137] Dentry cache hash table entries: 131072 (order: 8, 1048576 bytes)
[    0.014615]] Inode-cache hash table entries: 65536 (order: 7, 524288 bytes)
[    0.016016] Mount-cache hash table entries: 2048 (order: 2, 16384 bytes)
[    0.017233] Mountpoint-cache hash table entries: 2048 (order: 2, 16384 bytes)
[    0.018732] Last level iTLB entries: 4KB 64, 2MB 8, 4MB 8
[    0.020003] Last level dTLB entries: 4KB 64, 2MB 0, 4MB 0, 1GB 4
[    0.021120] Spectre V1 : Mitigation: usercopy/swapgs barriers and __user pointer sanitization
[    0.023295] Spectre V2 : Mitigation: Full generic retpoline
[    0.024004] Spectre V2 : Spectre v2 / SpectreRSB mitigation: Filling RSB on context switch
[    0.026003] Speculative Store Bypass: Vulnerable
[    0.028143] MDS: Vulnerable: Clear CPU buffers attempted, no microcode
[    0.032192] Freeing SMP alternatives memory: 36K
[    0.147554] smpboot: CPU0: Intel(R) Core(TM) i5-7267U CPU @ 3.10GHz (family: 0x6, model: 0x8e, stepping: 0x9)
[    0.148095] Performance Events: unsupported p6 CPU model 142 no PMU driver, software events only.
[    0.152057] Hierarchical SRCU implementation.
[    0.156460] NMI watchdog: Perf event create on CPU 0 failed with -2
[    0.160009] NMI watchdog: Perf NMI watchdog permanently disabled
[    0.164080] smp: Bringing up secondary CPUs ...
[    0.168087] x86: Booting SMP configuration:
[    0.172003] .... node  #0, CPUs:      #1
[    0.004000] kvm-clock: cpu 1, msr 0:3ff44041, secondary cpu clock
[    0.179450] smp: Brought up 1 node, 2 CPUs
[    0.180005] smpboot: Max logical packages: 1
[    0.181021] smpboot: Total of 2 processors activated (12384.00 BogoMIPS)
[    0.184143] devtmpfs: initialized
[    0.188055] x86/mm: Memory block size: 128MB
[    0.192146] evm: security.selinux
[    0.196008] evm: security.SMACK64
[    0.200003] evm: security.SMACK64EXEC
[    0.204004] evm: security.SMACK64TRANSMUTE
[    0.208002] evm: security.SMACK64MMAP
[    0.212004] evm: security.apparmor
[    0.216004] evm: security.ima
[    0.220004] evm: security.capability
[    0.224086] clocksource: jiffies: mask: 0xffffffff max_cycles: 0xffffffff, max_idle_ns: 7645041785100000 ns
[    0.228021] futex hash table entries: 512 (order: 3, 32768 bytes)
[    0.233366] pinctrl core: initialized pinctrl subsystem
[    0.234567] RTC time: 14:40:17, date: 12/15/19
[    0.236201] NET: Registered protocol family 16
[    0.240075] audit: initializing netlink subsys (disabled)
[    0.241384] audit: type=2000 audit(1576420818.933:1): state=initialized audit_enabled=0 res=1
[    0.244009] cpuidle: using governor ladder
[    0.245049] cpuidle: using governor menu
[    0.246412] ACPI: bus type PCI registered
[    0.247580] acpiphp: ACPI Hot Plug PCI Controller Driver version: 0.5
[    0.248125] PCI: Using configuration type 1 for base access
[    0.252907] HugeTLB registered 2.00 MiB page size, pre-allocated 0 pages
[    0.256242] ACPI: Added _OSI(Module Device)
[    0.264005] ACPI: Added _OSI(Processor Device)
[    0.265738] ACPI: Added _OSI(3.0 _SCP Extensions)
[    0.268003] ACPI: Added _OSI(Processor Aggregator Device)
[    0.272021] ACPI: Added _OSI(Linux-Dell-Video)
[    0.273758] ACPI: Added _OSI(Linux-Lenovo-NV-HDMI-Audio)
[    0.276030] ACPI: Added _OSI(Linux-HPI-Hybrid-Graphics)
[    0.284593] ACPI: Executed 1 blocks of module-level executable AML code
[    0.292629] ACPI: Interpreter enabled
[    0.296026] ACPI: (supports S0 S5)
[    0.300005] ACPI: Using IOAPIC for interrupt routing
[    0.304223] PCI: Using host bridge windows from ACPI; if necessary, use "pci=nocrs" and report a bug
[    0.308212] ACPI: Enabled 2 GPEs in block 00 to 07
[    0.318768] ACPI: PCI Root Bridge [PCI0] (domain 0000 [bus 00-ff])
[    0.320016] acpi PNP0A03:00: _OSC: OS supports [ASPM ClockPM Segments MSI]
[    0.324042] acpi PNP0A03:00: _OSC: not requesting OS control; OS requires [ExtendedConfig ASPM ClockPM MSI]
[    0.328031] acpi PNP0A03:00: fail to add MMCONFIG information, can't access extended PCI configuration space under this bridge.
[    0.332456] PCI host bridge to bus 0000:00
[    0.336007] pci_bus 0000:00: root bus resource [io  0x0000-0x0cf7 window]
[    0.340006] pci_bus 0000:00: root bus resource [io  0x0d00-0xffff window]
[    0.344011] pci_bus 0000:00: root bus resource [mem 0x000a0000-0x000bffff window]
[    0.348010] pci_bus 0000:00: root bus resource [mem 0x40000000-0xfdffffff window]
[    0.352009] pci_bus 0000:00: root bus resource [bus 00-ff]
[    0.358376] pci 0000:00:01.1: legacy IDE quirk: reg 0x10: [io  0x01f0-0x01f7]
[    0.360008] pci 0000:00:01.1: legacy IDE quirk: reg 0x14: [io  0x03f6]
[    0.364005] pci 0000:00:01.1: legacy IDE quirk: reg 0x18: [io  0x0170-0x0177]
[    0.368008] pci 0000:00:01.1: legacy IDE quirk: reg 0x1c: [io  0x0376]
[    0.388133] pci 0000:00:07.0: quirk: [io  0x4000-0x403f] claimed by PIIX4 ACPI
[    0.392019] pci 0000:00:07.0: quirk: [io  0x4100-0x410f] claimed by PIIX4 SMB
[    0.405471] ACPI: PCI Interrupt Link [LNKA] (IRQs 5 9 10 *11)
[    0.408308] ACPI: PCI Interrupt Link [LNKB] (IRQs 5 9 *10 11)
[    0.409799] ACPI: PCI Interrupt Link [LNKC] (IRQs 5 *9 10 11)
[    0.412149] ACPI: PCI Interrupt Link [LNKD] (IRQs 5 9 10 *11)
[    0.420196] SCSI subsystem initialized
[    0.424070] pci 0000:00:02.0: vgaarb: setting as boot VGA device
[    0.428000] pci 0000:00:02.0: vgaarb: VGA device added: decodes=io+mem,owns=io+mem,locks=none
[    0.428010] pci 0000:00:02.0: vgaarb: bridge control possible
[    0.432005] vgaarb: loaded
[    0.436050] ACPI: bus type USB registered
[    0.437005] usbcore: registered new interface driver usbfs
[    0.440140] usbcore: registered new interface driver hub
[    0.444034] usbcore: registered new device driver usb
[    0.448209] EDAC MC: Ver: 3.0.0
[    0.453202] PCI: Using ACPI for IRQ routing
[    0.461469] NetLabel: Initializing
[    0.464004] NetLabel:  domain hash size = 128
[    0.468003] NetLabel:  protocols = UNLABELED CIPSOv4 CALIPSO
[    0.476383] NetLabel:  unlabeled traffic allowed by default
[    0.480610] clocksource: Switched to clocksource kvm-clock
[    0.499049] VFS: Disk quotas dquot_6.6.0
[    0.500914] VFS: Dquot-cache hash table entries: 512 (order 0, 46 te
[    0321]ppmo AppArmorilysm Enabl
    1.80] pnp: PnP ACPI init
[  1703] pnp: PnP ACPI: found 3 devices

[  1110]losource: acpi_pm: mask: 0xffffff max_cycles: 0xffffff, max_idle_ns: 2085701024 ns
[    1.539990] NET: Registered protocol family 2

[    1.546571] TCP established hash table entries: 8192 (order: 4, 65536 bytes)
[    1.553060] TCP bind hash table entries: 8192 (order: 5, 131072 bytes)
[    1.561107] TCP: Hash tables configured (established 8192 bind 8192)
[    1.568028] UDP hash table entries: 512 (order: 2, 16384 bytes)
[    1.574371] UDP-Lite hash table entries: 512 (order: 2, 16384 bytes)
[    1.580888] NET: Registered protocol family 1
[    1.582702] pci 0000:000. Limiting directCI/PCI transfers
[    1.715137] pci 0000:00:01.0Acvang ISA DMA hg rkous  2.93] pci 0000:00:02.0Vio vi wh adowedOMt em 0x000c0000-0x000dffff]
[    2.626237] Unpacking initramfs..

[    2.928608] Freeing initrd memory: 19728K
[    2.989508] clocksource: tsc: mask: 0xffffffffffffffff max_cycles: 0x2ca08564bf3, max_idle_ns: 440795312460 ns
[    3.079774] platform rtc_cmos: registered platform RTC device (no PNP device found)
[    3.142722] Scanning for low memory corruption every 60 seconds
[    3.160140] Initialise system trusted keyrings
[    3.206074] Key type blacklist registered
[    3.236137] workingset: timestamp_bits=36 max_order=18 bucket_order=0
[    3.250584] zbud: loaded
[    3.275044] squashfs: version 4.0 (2009/01/31) Phillip Lougher
[    3.293709] fuse init (API version 7.26)
[    3.308889] Key type asymmetric registered
[    3.345258] Asymmetric key parser 'x509' registered
[    3.363549] Block layer SCSI generic (bsg) driver version 0.4 loaded (major 246)
[    3.407370] io scheduler noop registered
[    3.442509] io scheduler deadline registered
[    3.466037] io scheduler cfq registered (default)
[    3.526307] ACPI: AC Adapter [AC] (off-line)
[    3.564048] input: Power Button as /devices/LNXSYSTM:00/LNXPWRBN:00/input/input0
[    3.602018] ACPI: Power Button [PWRF]
[    3.633280] input: Sleep Button as /devices/LNXSYSTM:00/LNXSLPBN:00/input/input1
[    3.675356] ACPI: Sleep Button [SLPF]
[    3.698571] Serial: 8250/16550 driver, 32 ports, IRQ sharing enabled
[    3.700146] ACPI: Battery Slot [BAT0] (battery present)
[    3.734259] 00:02: ttyS0 at I/O 0x3f8 (irq = 4, base_baud = 115200) is a 16550A
[    3.754745] Linux agpgart interface v0.103
[    3.763156] loop: module loaded
[    3.770416] scsi host0: ata_piix
[    3.809593] scsi host1: ata_piix
[    3.830967] ata1: PATA max UDMA/33 cmd 0x1f0 ctl 0x3f6 bmdma 0xd000 irq 14
[    3.857033] ata2: PATA max UDMA/33 cmd 0x170 ctl 0x376 bmdma 0xd008 irq 15
[    3.858803] libphy: Fixed MDIO Bus: probed
[    3.860018] tun: Universal TUN/TAP device driver, 1.6
[    3.861476] PPP generic driver version 2.4.2
[    3.862540] ehci_hcd: USB 2.0 'Enhanced' Host Controller (EHCI) Driver
[    3.864056] ehci-pci: EHCI PCI platform driver
[    3.876150] ehci-platform: EHCI generic platform driver
[    3.877139] ohci_hcd: USB 1.1 'Open' Host Controller (OHCI) Driver
[    3.878239] ohci-pci: OHCI PCI platform driver
[    3.879080] ohci-platform: OHCI generic platform driver
[    3.880267] uhci_hcd: USB Universal Host Controller Interface driver
[    3.881811] i8042: PNP: PS/2 Controller [PNP0303:PS2K,PNP0f03:PS2M] at 0x60,0x64 irq 1,12
[    3.884198] serio: i8042 KBD port at 0x60,0x64 irq 1
[    3.885398] serio: i8042 AUX port at 0x60,0x64 irq 12
[    3.886727] mousedev: PS/2 mouse device common for all mice
[    3.888515] input: AT Translated Set 2 keyboard as /devices/platform/i8042/serio0/input/input2
[    3.898007] rtc_cmos rtc_cmos: rtc core: registered rtc_cmos as rtc0
[    3.899605] rtc_cmos rtc_cmos: alarms up to one day, 114 bytes nvram
[    3.905489] i2c /dev entries driver
[    3.906456] device-mapper: uevent: version 1.0.3
[    3.916291] device-mapper: ioctl: 4.37.0-ioctl (2017-09-20) initialised: dm-devel@redhat.com
[    3.918694] ledtrig-cpu: registered to indicate activity on CPUs
[    3.927479] NET: Registered protocol family 10
[    3.936324] Segment Routing with IPv6
[    3.937294] NET: Registered protocol family 17
[    3.941352] Key type dns_resolver registered
[    3.942650] mce: Using 0 MCE banks
[    3.943521] RAS: Correctable Errors collector initialized.
[    3.945122] sched_clock: Marking stable (3945096182, 0)->(13197347130, -9252250948)
[    3.947653] registered taskstats version 1
[    3.948845] Loading compiled-in X.509 certificates
[    3.952221] Loaded X.509 cert 'Build time autogenerated kernel key: f4f7241365689b0cbe3898188e65e316fd8f978d'
[    3.960319] zswap: loaded using pool lzo/zbud
[    3.982634] Key type big_key registered
[    3.983708] Key type trusted registered
[    3.986254] Key type encrypted registered
[    3.987252] AppArmor: AppArmor sha1 policy hashing enabled
[    3.988607] ima: No TPM chip found, activating TPM-bypass! (rc=-19)
[    3.990150] ima: Allocated hash algorithm: sha1
[    3.991451] evm: HMAC attrs: 0x1
[    3.992555]   Magic number: 15:780:687
[    3.993652] rtc_cmos rtc_cmos: setting system clock to 2019-12-15 14:40:22 UTC (1576420822)
[    3.995859] BIOS EDD facility v0.16 2004-Jun-25, 0 devices found
[    3.997556] EDD information not available.
[    4.018608] Freeing unused kernel image memory: 2428K
[    4.032607] Write protecting the kernel read-only data: 20480k
[    4.034529] Freeing unused kernel image memory: 2008K
[    4.037178] Freeing unused kernel image memory: 1880K
[    4.045318] x86/mm: Checked W+X mappings: passed, no W+X pages found.
[    4.047034] x86/mm: Checking user space page tables
[    4.061064] x86/mm: Checked W+X mappings: passed, no W+X pages found.
Loading, please wait...
starting version 237
[    4.150600] Fusion MPT base driver 3.04.20
[    4.151426] Copyright (c) 1999-2008 LSI Corporation
[    4.169227] AVX2 version of gcm_enc/dec engaged.
[    4.170365] AES CTR mode by8 optimization enabled
[    4.173183] e1000: Intel(R) PRO/1000 Network Driver - version 7.3.21-k8-NAPI
[    4.174936] e1000: Copyright (c) 1999-2006 Intel Corporation.
[    4.178010] Fusion MPT SPI Host driver 3.04.20
[    4.183417] mptbase: ioc0: Initiating bringup
[    4.285493] ioc0: LSI53C1030 A0: Capabilities={Initiator}
[    4.377967] input: ImExPS/2 Generic Explorer Mouse as /devices/platform/i8042/serio1/input/input4
[    4.580054] scsi host2: ioc0: LSI53C1030 A0, FwRev=00000000h, Ports=1, MaxQ=256, IRQ=20
[    4.773062] scsi 2:0:0:0: Direct-Access     VBOX     HARDDISK         1.0  PQ: 0 ANSI: 5
[    4.820063] scsi target2:0:0: Beginning Domain Validation
[    4.827996] scsi target2:0:0: Domain Validation skipping write tests
[    4.837192] scsi target2:0:0: Ending Domain Validation
[    4.850488] scsi target2:0:0: asynchronous
[    4.854312] scsi 2:0:1:0: Direct-Access     VBOX     HARDDISK         1.0  PQ: 0 ANSI: 5
[    5.146011] scsi target2:0:1: Beginning Domain Validation
[    5.175260] random: fast init done
[    5.176417] scsi target2:0:1: Domain Validation skipping write tests
[    5.178128] scsi target2:0:1: Ending Domain Validation
[    5.179410] scsi target2:0:1: asynchronous
[    5.183819] random: systemd-udevd: uninitialized urandom read (16 bytes read)
[    5.185093] e1000 0000:00:03.0 eth0: (PCI:33MHz:32-bit) 02:b7:5c:02:92:a2
[    5.185368] random: systemd-udevd: uninitialized urandom read (16 bytes read)
[    5.186893] e1000 0000:00:03.0 eth0: Intel(R) PRO/1000 Network Connection
[    5.188215] random: systemd-udevd: uninitialized urandom read (16 bytes read)
[    5.191867] sd 2:0:0:0: [sda] 20971520 512-byte logical blocks: (10.7 GB/10.0 GiB)
[    5.192603] e1000 0000:00:03.0 enp0s3: renamed from eth0
[    5.193469] sd 2:0:0:0: [sda] Write Protect is off
[    5.194798] sd 2:0:0:0: Attached scsi generic sg0 type 0
[    5.197180] sd 2:0:1:0: Attached scsi generic sg1 type 0
[    5.197435] sd 2:0:0:0: [sda] Incomplete mode parameter data
[    5.198630] sd 2:0:1:0: [sdb] 20480 512-byte logical blocks: (10.5 MB/10.0 MiB)
[    5.199924] sd 2:0:0:0: [sda] Assuming drive cache: write through
[    5.247619] sd 2:0:1:0: [sdb] Write Protect is off
[    5.257907] sd 2:0:1:0: [sdb] Incomplete mode parameter data
[    5.258881]  sda: sda1
[    5.265469] sd 2:0:1:0: [sdb] Assuming drive cache: write through
[    5.365459] sd 2:0:0:0: [sda] Attached SCSI disk
[    5.409564] sd 2:0:1:0: [sdb] Attached SCSI disk
Begin: Loading essential drivers ... [    6.904059] raid6: sse2x1   gen() 11671 MB/s
[    6.996224] raid6: sse2x1   xor()  8686 MB/s
[    7.048136] raid6: sse2x2   gen() 10261 MB/s
[    7.104555] raid6: sse2x2   xor()  4479 MB/s
[    7.179072] raid6: sse2x4   gen()  7006 MB/s
[    7.236090] raid6: sse2x4   xor()  9436 MB/s
[    7.300256] raid6: avx2x1   gen() 22625 MB/s
[    7.400609] raid6: avx2x1   xor() 16766 MB/s
[    7.472101] raid6: avx2x2   gen() 28207 MB/s
[    7.520350] raid6: avx2x2   xor() 18066 MB/s
[    7.584052] raid6: avx2x4   gen() 32869 MB/s
[    7.648067] raid6: avx2x4   xor() 19365 MB/s
[    7.649945] raid6: using algorithm avx2x4 gen() 32869 MB/s
[    7.651554] raid6: .... xor() 19365 MB/s, rmw enabled
[    7.652997] raid6: using avx2x2 recovery algorithm
[    7.655221] xor: automatically using best checksumming function   avx       
[    7.659134] async_tx: api initialized (async)
done.
Begin: Running /scripts/init-premount ... done.
Begin: Mounting root file system ... Begin: Running /scripts/local-top ... done.
Begin: Running /scripts/local-premount ... [    7.739183] Btrfs loaded, crc32c=crc32c-intel
Scanning for Btrfs filesystems
done.
Warning: fsck no[    7.792297] EXT4-fs (sda1): INFO: recovery required on readonly filesystem
t present, so sk[    7.862841] EXT4-fs (sda1): write access will be enabled during recovery
ipping root file system
[    7.897607] EXT4-fs (sda1): recovery complete
[    7.939797] EXT4-fs (sda1): mounted filesystem with ordered data mode. Opts: (null)
done.
Begin: Running /scripts/local-bottom ... done.
Begin: Running /scripts/init-bottom ... done.
[    8.613173] ip_tables: (C) 2000-2006 Netfilter Core Team
[    8.772103] systemd[1]: systemd 237 running in system mode. (+PAM +AUDIT +SELINUX +IMA +APPARMOR +SMACK +SYSVINIT +UTMP +LIBCRYPTSETUP +GCRYPT +GNUTLS +ACL +XZ +LZ4 +SECCOMP +BLKID +ELFUTILS +KMOD -IDN2 +IDN -PCRE2 default-hierarchy=hybrid)
[    9.046084] systemd[1]: Detected virtualization oracle.
[    9.086119] systemd[1]: Detected architecture x86-64.

Welcome to [1mUbuntu 18.04.3 LTS[0m!

[    9.217345] systemd[1]: Set hostname to <ubuntu-bionic>.
[    9.797730] random: crng init done
[    9.814137] random: 7 urandom warning(s) missed due to ratelimiting
[   10.080324] systemd[1]: Created slice System Slice.
[[0;32m  OK  [0m] Created slice System Slice.
[   10.203963] systemd[1]: Created slice system-serial\x2dgetty.slice.
[[0;32m  OK  [0m] Created slice system-serial\x2dgetty.slice.
[   10.206915] systemd[1]: Listening on Journal Audit Socket.
[[0;32m  OK  [0m] Listening on Journal Audit Socket.
[   10.209331] systemd[1]: Listening on Syslog Socket.
[[0;32m  OK  [0m] Listening on Syslog Socket.
[   10.240447] systemd[1]: Listening on LVM2 poll daemon socket.
[[0;32m  OK  [0m] Listening on LVM2 poll daemon socket.
[   10.320097] systemd[1]: Created slice User and Session Slice.
[[0;32m  OK  [0m] Created slice User and Session Slice.
[[0;32m  OK  [0m] Listening on /dev/initctl Compatibility Named Pipe.
[[0;32m  OK  [0m] Listening on Journal Socket (/dev/log).
[[0;32m  OK  [0m] Listening on udev Kernel Socket.
[[0;32m  OK  [0m] Listening on Journal Socket.
         Starting Remount Root and Kernel File Systems...
         Starting Uncomplicated firewall...
         Mounting Huge Pages File System.[   10.351034] EXT4-fs (sda1): re-mounted. Opts: (null)
..
         Mounting POSIX Message Queue File System...
         Mounting Kernel Debug File System...
         Starting Load Kernel Modules...
[[0;32m  OK  [0m] Listening on Network Service Netlink Socket.[   10.404957] Loading iSCSI transport class v2.0-870.

         Starting Journal Service...
[[0;32m  OK  [0m] Started Forward Password Requests to Wall Directory Watch.
[[0;32m  OK  [0m] Reached target Swap.
[[0;32m  OK  [0m] Listening on LVM2 metadata daemon socket.
         Starting Create list of required st…ce nodes for the current kernel...
[   10.517292] iscsi: registered transport (tcp)
         Starting Set the console keyboard layout...
[[0;32m  OK  [0m] Set up automount Arbitrary Executab…rmats File System Automount Point.
[[0;32m  OK  [0m] Reached target Slices.
[[0;32m  OK  [0m] Reached target System Time Synchronized.
[[0;32m  OK  [0m] Listening on udev Control Socket.
         Starting udev Coldplug all Devices...
[   10.615626] iscsi: registered transport (iser)
[[0;32m  OK  [0m] Listening on Device-mapper event daemon FIFOs.
         Starting Monitoring of LVM2 mirrors…ng dmeventd or progress polling...
[[0;32m  OK  [0m] Reached target User and Group Name Lookups.
[[0;32m  OK  [0m] Started Journal Service.
[[0;32m  OK  [0m] Started Remount Root and Kernel File Systems.
[[0;32m  OK  [0m] Started Uncomplicated firewall.
[[0;32m  OK  [0m] Mounted Huge Pages File System.
[[0;32m  OK  [0m] Mounted POSIX Message Queue File System.
[[0;32m  OK  [0m] Mounted Kernel Debug File System.
[[0;32m  OK  [0m] Started Load Kernel Modules.
[[0;32m  OK  [0m] Started Create list of required sta…vice nodes for the current kernel.
[[0;32m  OK  [0m] Started Set the console keyboard layout.
[[0;32m  OK  [0m] Started LVM2 metadata daemon.
         Starting Create Static Device Nodes in /dev...
         Mounting FUSE Control File System...
         Starting Apply Kernel Variables...
         Mounting Kernel Configuration File System...
         Starting Load/Save Random Seed...
         Starting Flush Journal to Persistent Storage...
[[0;32m  OK  [0m] Started Monitoring of LVM2 mirrors,…sing dmeventd or progress polling.
[[0;32m  OK  [0m] Started udev Coldplug all Devices.
[[0;32m  OK  [0m] Mounted FUSE Control File System.
[[0;32m  OK  [0m] Mounted Kernel Configuration File System.
[[0;32m  OK  [0m] Started Load/Save Random Seed.
[[0;32m  OK  [0m] Started Create Static Device Nodes in /dev.
[[0;32m  OK  [0m] Started Apply Kernel Variables.
         Starting udev Kernel Device Manager...
[[0;32m  OK  [0m] Reached target Local File Systems (Pre).
[[0;32m  OK  [0m] Reached target Local File Systems.
         Starting Set console font and keymap...
         Starting Tell Plymouth To Write Out Runtime Data...
         Starting AppArmor initialization...
         Starting ebtables ruleset management...
[[0;32m  OK  [0m] Started udev Kernel Device Manager.
[[0;32m  OK  [0m] Started Dispatch Password Requests to Console Directory Watch.
[[0;32m  OK  [0m] Reached target Local Encrypted Volumes.
[[0;32m  OK  [0m] Started Set console font and keymap.
[[0;32m  OK  [0m] Started Tell Plymouth To Write Out Runtime Data.
[[0;32m  OK  [0m] Started Flush Journal to Persistent Storage.
         Starting Create Volatile Files and Directories...
[[0;32m  OK  [0m] Found device /dev/ttyS0.
[[0;32m  OK  [0m] Started ebtables ruleset management.
[[0;32m  OK  [0m] Started Create Volatile Files and Directories.
         Starting Update UTMP about System Boot/Shutdown...
[[0;32m  OK  [0m] Started Update UTMP about System Boot/Shutdown.
[[0;32m  OK  [0m] Listening on Load/Save RF Kill Switch Status /dev/rfkill Watch.
[[0;32m  OK  [0m] Started AppArmor initialization.
         Starting Initial cloud-init job (pre-networking)...
[   14.419622] cloud-init[546]: Cloud-init v. 19.2-24-ge7881d5c-0ubuntu1~18.04.1 running 'init-local' at Sun, 15 Dec 2019 14:40:32 +0000. Up 14.17 seconds.
[[0;32m  OK  [0m] Started Initial cloud-init job (pre-networking).
[[0;32m  OK  [0m] Reached target Network (Pre).
         Starting Network Service...
[[0;32m  OK  [0m] Started Network Service.
         Starting Network Name Resolution...
         Starting Wait for Network to be Configured...
[[0;32m  OK  [0m] Started Network Name Resolution.
[[0;32m  OK  [0m] Reached target Network.
[[0;32m  OK  [0m] Reached target Host and Network Name Lookups.
[[0;32m  OK  [0m] Started Wait for Network to be Configured.
         Starting Initial cloud-init job (metadata service crawler)...
[   17.052533] cloud-init[678]: Cloud-init v. 19.2-24-ge7881d5c-0ubuntu1~18.04.1 running 'init' at Sun, 15 Dec 2019 14:40:35 +0000. Up 16.86 seconds.
[   17.128275] cloud-init[678]: ci-info: ++++++++++++++++++++++++++++++++++++++Net device info++++++++++++++++++++++++++++++++++++++
[   17.132836] cloud-init[678]: ci-info: +--------+------+----------------------------+---------------+--------+-------------------+
[   17.156406] cloud-init[678]: ci-info: | Device |  Up  |          Address           |      Mask     | Scope  |     Hw-Address    |
[   17.194551] cloud-init[678]: ci-info: +--------+------+----------------------------+---------------+--------+-------------------+
[   17.240315] cloud-init[678]: ci-info: | enp0s3 | True |         10.0.2.15          | 255.255.255.0 | global | 02:b7:5c:02:92:a2 |
[   17.247795] cloud-init[678]: ci-info: | enp0s3 | True | fe80::b7:5cff:fe02:92a2/64 |       .       |  link  | 02:b7:5c:02:92:a2 |
[   17.250224] cloud-init[678]: ci-info: |   lo   | True |         127.0.0.1          |   255.0.0.0   |  host  |         .         |
[   17.270536] cloud-init[678]: ci-info: |   lo   | True |          ::1/128           |       .       |  host  |         .         |
[   17.273076] cloud-init[678]: ci-info: +--------+------+----------------------------+---------------+--------+-------------------+
[   17.297246] cloud-init[678]: ci-info: ++++++++++++++++++++++++++++Route IPv4 info+++++++++++++++++++++++++++++
[[0;32m  OK  [0m] Started Initial cloud-init job (metadata service crawler).
[   17.338978] [[0;32m  OK  [0m] Reached target Cloud-config availability.
[[0;32m  OK  [0m] Reached target System Initialization.
cloud-init[678]: ci-info: +-------+-------------+----------+-----------------+-----------+-------+
         Starting LXD - unix socket.
[   17.381302] [[0;32m  OK  [0m] Listening on D-Bus System Message Bus Socket.
[[0;32m  OK  [0m] Started Message of the Day.
[[0;32m  OK  [0m] Listening on Open-iSCSI iscsid Socket.
[[0;32m  OK  [0m] Started Daily apt download activities.
[[0;32m  OK  [0m] Listening on UUID daemon activation socket.
[[0;32m  OK  [0m] Listening on ACPID Listen Socket.
[[0;32m  OK  [0m] Started Daily apt upgrade and clean activities.
[[0;32m  OK  [0m] Started Daily Cleanup of Temporary Directories.
[[0;32m  OK  [0m] Started Discard unused blocks once a week.
[[0;32m  OK  [0m] Reached target Timers.
         Starting Socket activation for snappy daemon.
[[0;32m  OK  [0m] Started ACPI Events Check.
[[0;32m  OK  [0m] Reached target Paths.
[[0;32m  OK  [0m] Reached target Network is Online.
         Starting Availability of block devices...
[[0;32m  OK  [0m] Reached target Remote File Systems (Pre).
[[0;32m  OK  [0m] Reached target Remote File Systems.
[[0;32m  OK  [0m] Listening on LXD - unix socket.
[[0;32m  OK  [0m] Listening on Socket activation for snappy daemon.
[[0;32m  OK  [0m] Reached target Sockets.
[[0;32m  OK  [0m] Reached target Basic System.
         Starting Accounts Service...
[[0;32m  OK  [0m] Started Regular background program processing daemon.
[[0;32m  OK  [0m] Started D-Bus System Message Bus.
cloud-init[678]: ci-info: | Route | Destination | Gateway  |     Genmask     | Interface | Flags |
[   17.416774] cloud-init[678]: ci-info: +-------+-------------+----------+-----------------+-----------+-------+
         Starting Permit User Sessions...
         Starting LXD - container startup/shutdown...
[[0;32m  OK  [0m] Started FUSE filesystem for LXC.
[   17.482662] cloud-init[678]: ci-info: |   0   |   0.0.0.0   | 10.0.2.2 |     0.0.0.0     |   enp0s3  |   UG  |
[[0;32m  OK  [0m] Started Deferred execution scheduler.
[   17.502433] cloud-init[678]: ci-info: |   1   |   10.0.2.0  | 0.0.0.0  |  255.255.255.0  |   enp0s3  |   U   |
[   17.505258] cloud-init[678]: ci-info: |   2   |   10.0.2.2  | 0.0.0.0  | 255.255.255.255 |   enp0s3  |   UH  |
[   17.507706] cloud-init[678]: ci-info: +-------+-------------+----------+-----------------+-----------+-------+
[   17.553841] cloud-init[678]: ci-info: +++++++++++++++++++Route IPv6 info+++++++++++++++++++
[   17.558280] cloud-init[678]: ci-info: +-------+-------------+---------+-----------+-------+
[   17.609419] cloud-init[678]: ci-info: | Route | Destination | Gateway | Interface | Flags |
[   17.639659] cloud-init[678]: ci-info: +-------+-------------+---------+-----------+-------+
[   17.649623] cloud-init[678]: ci-info: |   1   |  fe80::/64  |    ::   |   enp0s3  |   U   |
[   17.660960] cloud-init[678]: ci-info: |   3   |    local    |    ::   |   enp0s3  |   U   |
         Starting Snappy daemon...
[   17.678707] cloud-init[678]: ci-info: |   4   |   ff00::/8  |    ::   |   enp0s3  |   U   |
[   17.728538] cloud-init[678]: ci-info: +-------+-------------+---------+-----------+-------+
         Starting Dispatcher daemon for systemd-networkd...
         Starting LSB: automatic crash report generation...
         Starting Login Service...
         Starting OpenBSD Secure Shell server...
         Starting Message of the Day...
[[0;32m  OK  [0m] Started irqbalance daemon.
         Starting LSB: Record successful boot for GRUB...
         Starting System Logging Service...
         Starting Virtualbox guest utils...
[[0;32m  OK  [0m] Started Availability of block devices.
[[0;32m  OK  [0m] Started Permit User Sessions.
[[0;32m  OK  [0m] Started Login Service.
[[0;32m  OK  [0m] Started Unattended Upgrades Shutdown.
         Starting Authorization Manager...
         Starting Terminate Plymouth Boot Screen...
         Starting Hold until boot process finishes up...
[[0;32m  OK  [0m] Started Hold until boot process finishes up.
[[0;32m  OK  [0m] Started Serial Getty on ttyS0.
         Starting Set console scheme...
[[0;32m  OK  [0m] Started Terminate Plymouth Boot Screen.
[[0;32m  OK  [0m] Started Authorization Manager.
[[0;32m  OK  [0m] Started Accounts Service.
[[0;32m  OK  [0m] Started Set console scheme.
[[0;32m  OK  [0m] Created slice system-getty.slice.
[[0;32m  OK  [0m] Started Getty on tty1.
[[0;32m  OK  [0m] Reached target Login Prompts.
[[0;32m  OK  [0m] Started System Logging Service.
[[0;32m  OK  [0m] Started LSB: automatic crash report generation.
[[0;32m  OK  [0m] Started LSB: Record successful boot for GRUB.
[[0;32m  OK  [0m] Started OpenBSD Secure Shell server.
[[0;32m  OK  [0m] Started Virtualbox guest utils.
[[0;32m  OK  [0m] Started Dispatcher daemon for systemd-networkd.
[[0;32m  OK  [0m] Started LXD - container startup/shutdown.
[[0;32m  OK  [0m] Started Message of the Day.
[[0;32m  OK  [0m] Started Snappy daemon.
         Starting Wait until snapd is fully seeded...
[[0;32m  OK  [0m] Started Wait until snapd is fully seeded.
         Starting Apply the settings specified in cloud-config...
[[0;32m  OK  [0m] Reached target Multi-User System.
[[0;32m  OK  [0m] Reached target Graphical Interface.
         Starting Update UTMP about System Runlevel Changes...
[[0;32m  OK  [0m] Started Update UTMP about System Runlevel Changes.
[   20.883978] cloud-init[1230]: Cloud-init v. 19.2-24-ge7881d5c-0ubuntu1~18.04.1 running 'modules:config' at Sun, 15 Dec 2019 14:40:39 +0000. Up 20.78 seconds.
[[0;32m  OK  [0m] Started Apply the settings specified in cloud-config.
         Starting Execute cloud user/final scripts...
[[0;32m  OK  [0m] Created slice User Slice of vagrant.
         Starting User Manager for UID 1000...
[[0;32m  OK  [0m] Started Session 1 of user vagrant.
[[0;32m  OK  [0m] Started User Manager for UID 1000.
[   21.442272] cloud-init[1286]: Cloud-init v. 19.2-24-ge7881d5c-0ubuntu1~18.04.1 running 'modules:final' at Sun, 15 Dec 2019 14:40:39 +0000. Up 21.30 seconds.
[   21.448853] cloud-init[1286]: Cloud-init v. 19.2-24-ge7881d5c-0ubuntu1~18.04.1 finished at Sun, 15 Dec 2019 14:40:39 +0000. Datasource DataSourceNoCloud [seed=/dev/sdb][dsmode=net].  Up 21.43 seconds
[[0;32m  OK  [0m] Started Execute cloud user/final scripts.
[[0;32m  OK  [0m] Reached target Cloud-init target.

Ubuntu 18.04.3 LTS ubuntu-bionic ttyS0

ubuntu-bionic login: 